<pomodoro>
  <description>The quick brown dog jumps over the lazy fox</description>
  <timestamp>2009-05-11 18:06:43 -0500</timestamp>
</pomodoro>
